=========================== [2019-08-01] ===========================

[INFO] 21:54:59.386338 app init

[INFO] 21:54:59.387362 app click start

[INFO] 21:55:03.306426 app click stop

[INFO] 21:55:05.009386 app click start

[INFO] 21:55:07.538562 app click quit

=========================== [2019-08-01] ===========================

[INFO] 21:56:16.756409 app init

[INFO] 21:56:16.756409 app click start

[INFO] 21:56:19.411077 app click quit

=========================== [2019-08-01] ===========================

[INFO] 21:56:35.133178 app init

[INFO] 21:56:35.133178 app click start

[INFO] 21:56:38.913420 app click quit

=========================== [2019-08-01] ===========================

[INFO] 22:05:35.673214 app init

[INFO] 22:05:35.673214 app click start

[INFO] 22:05:40.198072 app click stop

[INFO] 22:05:43.346965 app click quit

=========================== [2019-08-01] ===========================

[INFO] 22:10:43.179715 app init

[INFO] 22:10:43.179715 app click start

=========================== [2019-08-01] ===========================

[INFO] 22:11:55.915515 app init

[INFO] 22:11:55.915515 app click start

=========================== [2019-08-01] ===========================

[INFO] 22:13:45.673745 app init

[INFO] 22:13:45.673745 app click start

=========================== [2019-08-01] ===========================

[INFO] 22:13:58.314574 app init

[INFO] 22:13:58.314574 app click start

=========================== [2019-08-01] ===========================

[INFO] 22:18:45.498590 app init

[INFO] 22:18:45.498590 app click start

=========================== [2019-08-01] ===========================

[INFO] 22:19:51.863185 app init

[INFO] 22:19:51.863185 app click start

=========================== [2019-08-01] ===========================

[INFO] 22:20:11.498699 app init

[INFO] 22:20:11.498699 app click start

=========================== [2019-08-01] ===========================

[INFO] 22:20:44.837188 app init

[INFO] 22:20:44.837188 app click start

=========================== [2019-08-01] ===========================

[INFO] 22:23:15.334401 app init

[INFO] 22:23:15.334401 app click start

=========================== [2019-08-01] ===========================

[INFO] 22:23:52.367968 app init

[INFO] 22:23:52.367968 app click start

=========================== [2019-08-01] ===========================

[INFO] 22:24:26.080909 app init

[INFO] 22:24:26.080909 app click start

=========================== [2019-08-01] ===========================

[INFO] 22:25:11.436471 app init

[INFO] 22:25:11.436471 app click start

=========================== [2019-08-01] ===========================

[INFO] 22:25:24.580814 app init

[INFO] 22:25:24.580814 app click start

=========================== [2019-08-01] ===========================

[INFO] 22:25:27.239883 app init

[INFO] 22:25:27.239883 app click start

=========================== [2019-08-01] ===========================

[INFO] 22:27:24.778580 app init

[INFO] 22:27:24.778580 app click start

=========================== [2019-08-01] ===========================

[INFO] 22:28:01.576710 app init

[INFO] 22:28:01.576710 app click start

[INFO] 22:32:19.390345 app click quit

=========================== [2019-08-01] ===========================

[INFO] 22:44:57.560005 app init

[INFO] 22:44:57.560005 app click start

[INFO] 22:45:01.143975 app click quit

=========================== [2019-08-01] ===========================

[INFO] 22:45:09.215246 app init

[INFO] 22:45:09.215246 app click start

[INFO] 22:45:39.778666 app click quit

=========================== [2019-08-02] ===========================

[INFO] 15:43:33.175873 app init

[INFO] 15:43:33.175873 app click start

[INFO] 15:43:39.110512 app click quit

