=========================== [2019-09-15] ===========================

[INFO] 23:27:59.610635 [文件队列开始工作...]

[INFO] 23:27:59.612639 [连接到服务器: 192.168.1.2:496]

[INFO] 23:28:09.740497 [加入文件队列: D:/FTP/online/2019/KNR00241_012_1.ZIP]

=========================== [2019-09-15] ===========================

[INFO] 23:33:45.438394 [文件队列开始工作...]

[INFO] 23:33:45.439372 [连接到服务器: 192.168.1.2:496]

[INFO] 23:33:55.605357 [加入文件队列: D:/FTP/online/2019/S00068/KNR00246_012_1.ZIP]

[INFO] 23:33:55.783150 [加入文件队列: D:/FTP/online/2019/S00070/KNR00251_012_1.ZIP]

[INFO] 23:33:55.947082 [加入文件队列: D:/FTP/online/2019/S00070/KNR00250_012_1.ZIP]

[INFO] 23:33:56.157240 [加入文件队列: D:/FTP/online/2019/S00067/KNR00243_012_1.ZIP]

[INFO] 23:33:56.332972 [加入文件队列: D:/FTP/online/2019/S00070/KNR00253_012_1.ZIP]

[INFO] 23:33:56.545657 [加入文件队列: D:/FTP/online/2019/S00067/KNR00241_012_1.ZIP]

[INFO] 23:33:56.700081 [加入文件队列: D:/FTP/online/2019/S00068/KNR00248_012_1.ZIP]

[INFO] 23:33:56.872491 [加入文件队列: D:/FTP/online/2019/S00068/KNR00244_012_1.ZIP]

[INFO] 23:33:57.025123 [加入文件队列: D:/FTP/online/2019/S00070/KNR00252_012_1.ZIP]

[INFO] 23:33:57.289110 [加入文件队列: D:/FTP/online/2019/S00070/KNR00254_012_1.ZIP]

[INFO] 23:33:57.572298 [加入文件队列: D:/FTP/online/2019/S00067/KNR00242_012_1.ZIP]

[INFO] 23:33:57.805880 [加入文件队列: D:/FTP/online/2019/S00070/KNR00249_012_1.ZIP]

[INFO] 23:33:58.030822 [加入文件队列: D:/FTP/online/2019/S00068/KNR00247_012_1.ZIP]

[INFO] 23:33:58.170511 [加入文件队列: D:/FTP/online/2019/S00067/KNR00239_012_1.ZIP]

[INFO] 23:33:58.319605 [加入文件队列: D:/FTP/online/2019/S00068/KNR00245_012_1.ZIP]

=========================== [2019-09-16] ===========================

[INFO] 00:02:11.129812 [断开与服务器连接: 192.168.1.2:496 ,原因: read tcp 192.168.1.2:60018->192.168.1.2:496: wsarecv: An existing connection was forcibly closed by the remote host.]

